[3.694s] Invoking command in '/home/ubuntu/ros2_ws/src/robot_control_architecture_pkg/build/robot_control_architecture_pkg': PYTHONPATH=/home/ubuntu/ros2_ws/src/robot_control_architecture_pkg/build/robot_control_architecture_pkg/prefix_override:/usr/lib/python3/dist-packages/colcon_core/task/python/colcon_distutils_commands:/home/ubuntu/ros2_ws/src/robot_control_architecture_pkg/install/robot_control_architecture_pkg/lib/python3.10/site-packages:${PYTHONPATH} /usr/bin/python3 -W ignore:setup.py install is deprecated setup.py develop --editable --build-directory /home/ubuntu/ros2_ws/src/robot_control_architecture_pkg/build/robot_control_architecture_pkg/build --no-deps symlink_data
[5.251s] running develop
[6.331s] running egg_info
[6.332s] creating robot_control_architecture_pkg.egg-info
[6.340s] writing robot_control_architecture_pkg.egg-info/PKG-INFO
[6.340s] writing dependency_links to robot_control_architecture_pkg.egg-info/dependency_links.txt
[6.342s] writing entry points to robot_control_architecture_pkg.egg-info/entry_points.txt
[6.343s] writing requirements to robot_control_architecture_pkg.egg-info/requires.txt
[6.343s] writing top-level names to robot_control_architecture_pkg.egg-info/top_level.txt
[6.343s] writing manifest file 'robot_control_architecture_pkg.egg-info/SOURCES.txt'
[6.345s] reading manifest file 'robot_control_architecture_pkg.egg-info/SOURCES.txt'
[6.349s] writing manifest file 'robot_control_architecture_pkg.egg-info/SOURCES.txt'
[6.355s] running build_ext
[6.356s] Creating /home/ubuntu/ros2_ws/src/robot_control_architecture_pkg/install/robot_control_architecture_pkg/lib/python3.10/site-packages/robot-control-architecture-pkg.egg-link (link to .)
[6.360s] Installing robot_quiz_lidar_node script to /home/ubuntu/ros2_ws/src/robot_control_architecture_pkg/install/robot_control_architecture_pkg/lib/robot_control_architecture_pkg
[6.362s] Installing simple_tts_node script to /home/ubuntu/ros2_ws/src/robot_control_architecture_pkg/install/robot_control_architecture_pkg/lib/robot_control_architecture_pkg
[6.364s] 
[6.366s] Installed /home/ubuntu/ros2_ws/src/robot_control_architecture_pkg/build/robot_control_architecture_pkg
[6.367s] running symlink_data
[6.369s] creating /home/ubuntu/ros2_ws/src/robot_control_architecture_pkg/install/robot_control_architecture_pkg/share/ament_index
[6.369s] creating /home/ubuntu/ros2_ws/src/robot_control_architecture_pkg/install/robot_control_architecture_pkg/share/ament_index/resource_index
[6.370s] creating /home/ubuntu/ros2_ws/src/robot_control_architecture_pkg/install/robot_control_architecture_pkg/share/ament_index/resource_index/packages
[6.370s] symbolically linking /home/ubuntu/ros2_ws/src/robot_control_architecture_pkg/build/robot_control_architecture_pkg/resource/robot_control_architecture_pkg -> /home/ubuntu/ros2_ws/src/robot_control_architecture_pkg/install/robot_control_architecture_pkg/share/ament_index/resource_index/packages
[6.371s] symbolically linking /home/ubuntu/ros2_ws/src/robot_control_architecture_pkg/build/robot_control_architecture_pkg/package.xml -> /home/ubuntu/ros2_ws/src/robot_control_architecture_pkg/install/robot_control_architecture_pkg/share/robot_control_architecture_pkg
[6.372s] creating /home/ubuntu/ros2_ws/src/robot_control_architecture_pkg/install/robot_control_architecture_pkg/share/robot_control_architecture_pkg/launch
[6.373s] symbolically linking /home/ubuntu/ros2_ws/src/robot_control_architecture_pkg/build/robot_control_architecture_pkg/launch/robot_control_architecture.launch.py -> /home/ubuntu/ros2_ws/src/robot_control_architecture_pkg/install/robot_control_architecture_pkg/share/robot_control_architecture_pkg/launch
[6.374s] creating /home/ubuntu/ros2_ws/src/robot_control_architecture_pkg/install/robot_control_architecture_pkg/share/robot_control_architecture_pkg/config
[6.376s] symbolically linking /home/ubuntu/ros2_ws/src/robot_control_architecture_pkg/build/robot_control_architecture_pkg/config/params.yaml -> /home/ubuntu/ros2_ws/src/robot_control_architecture_pkg/install/robot_control_architecture_pkg/share/robot_control_architecture_pkg/config
[6.545s] Invoked command in '/home/ubuntu/ros2_ws/src/robot_control_architecture_pkg/build/robot_control_architecture_pkg' returned '0': PYTHONPATH=/home/ubuntu/ros2_ws/src/robot_control_architecture_pkg/build/robot_control_architecture_pkg/prefix_override:/usr/lib/python3/dist-packages/colcon_core/task/python/colcon_distutils_commands:/home/ubuntu/ros2_ws/src/robot_control_architecture_pkg/install/robot_control_architecture_pkg/lib/python3.10/site-packages:${PYTHONPATH} /usr/bin/python3 -W ignore:setup.py install is deprecated setup.py develop --editable --build-directory /home/ubuntu/ros2_ws/src/robot_control_architecture_pkg/build/robot_control_architecture_pkg/build --no-deps symlink_data
